0 info it worked if it ends with ok
1 verbose cli [ 'node',
1 verbose cli   '/usr/local/bin/npm',
1 verbose cli   'install',
1 verbose cli   'karma-phantomjs-launcher',
1 verbose cli   'karma-jasmine',
1 verbose cli   'grunt-karma',
1 verbose cli   '--save-dev' ]
2 info using npm@1.4.21
3 info using node@v0.10.30
4 warn package.json gapstore@0.0.0 No description
5 warn package.json gapstore@0.0.0 No repository field.
6 warn package.json gapstore@0.0.0 No README data
7 verbose readDependencies using package.json deps
8 verbose cache add [ 'karma-phantomjs-launcher', null ]
9 verbose cache add name=undefined spec="karma-phantomjs-launcher" args=["karma-phantomjs-launcher",null]
10 verbose parsed url { protocol: null,
10 verbose parsed url   slashes: null,
10 verbose parsed url   auth: null,
10 verbose parsed url   host: null,
10 verbose parsed url   port: null,
10 verbose parsed url   hostname: null,
10 verbose parsed url   hash: null,
10 verbose parsed url   search: null,
10 verbose parsed url   query: null,
10 verbose parsed url   pathname: 'karma-phantomjs-launcher',
10 verbose parsed url   path: 'karma-phantomjs-launcher',
10 verbose parsed url   href: 'karma-phantomjs-launcher' }
11 verbose cache add [ 'karma-jasmine', null ]
12 verbose cache add name=undefined spec="karma-jasmine" args=["karma-jasmine",null]
13 verbose parsed url { protocol: null,
13 verbose parsed url   slashes: null,
13 verbose parsed url   auth: null,
13 verbose parsed url   host: null,
13 verbose parsed url   port: null,
13 verbose parsed url   hostname: null,
13 verbose parsed url   hash: null,
13 verbose parsed url   search: null,
13 verbose parsed url   query: null,
13 verbose parsed url   pathname: 'karma-jasmine',
13 verbose parsed url   path: 'karma-jasmine',
13 verbose parsed url   href: 'karma-jasmine' }
14 verbose cache add [ 'grunt-karma', null ]
15 verbose cache add name=undefined spec="grunt-karma" args=["grunt-karma",null]
16 verbose parsed url { protocol: null,
16 verbose parsed url   slashes: null,
16 verbose parsed url   auth: null,
16 verbose parsed url   host: null,
16 verbose parsed url   port: null,
16 verbose parsed url   hostname: null,
16 verbose parsed url   hash: null,
16 verbose parsed url   search: null,
16 verbose parsed url   query: null,
16 verbose parsed url   pathname: 'grunt-karma',
16 verbose parsed url   path: 'grunt-karma',
16 verbose parsed url   href: 'grunt-karma' }
17 silly lockFile e0cbf986-karma-phantomjs-launcher karma-phantomjs-launcher
18 verbose lock karma-phantomjs-launcher /Users/alejandro/.npm/e0cbf986-karma-phantomjs-launcher.lock
19 silly lockFile df56d5e8-karma-jasmine karma-jasmine
20 verbose lock karma-jasmine /Users/alejandro/.npm/df56d5e8-karma-jasmine.lock
21 silly lockFile 707ccff9-grunt-karma grunt-karma
22 verbose lock grunt-karma /Users/alejandro/.npm/707ccff9-grunt-karma.lock
23 silly lockFile e0cbf986-karma-phantomjs-launcher karma-phantomjs-launcher
24 silly lockFile e0cbf986-karma-phantomjs-launcher karma-phantomjs-launcher
25 silly lockFile df56d5e8-karma-jasmine karma-jasmine
26 silly lockFile df56d5e8-karma-jasmine karma-jasmine
27 silly lockFile 707ccff9-grunt-karma grunt-karma
28 silly lockFile 707ccff9-grunt-karma grunt-karma
29 verbose addNamed [ 'karma-phantomjs-launcher', '' ]
30 verbose addNamed [ null, '*' ]
31 silly lockFile cdd40d81-karma-phantomjs-launcher karma-phantomjs-launcher@
32 verbose lock karma-phantomjs-launcher@ /Users/alejandro/.npm/cdd40d81-karma-phantomjs-launcher.lock
33 verbose addNamed [ 'karma-jasmine', '' ]
34 verbose addNamed [ null, '*' ]
35 silly lockFile a9316641-karma-jasmine karma-jasmine@
36 verbose lock karma-jasmine@ /Users/alejandro/.npm/a9316641-karma-jasmine.lock
37 verbose addNamed [ 'grunt-karma', '' ]
38 verbose addNamed [ null, '*' ]
39 silly lockFile 94531edb-grunt-karma grunt-karma@
40 verbose lock grunt-karma@ /Users/alejandro/.npm/94531edb-grunt-karma.lock
41 silly addNameRange { name: 'karma-phantomjs-launcher', range: '*', hasData: false }
42 silly addNameRange { name: 'karma-jasmine', range: '*', hasData: false }
43 verbose request where is /karma-phantomjs-launcher
44 verbose request registry https://registry.npmjs.org/
45 verbose request id 8acd4cfe7e4b0860
46 verbose url raw /karma-phantomjs-launcher
47 verbose url resolving [ 'https://registry.npmjs.org/', './karma-phantomjs-launcher' ]
48 verbose url resolved https://registry.npmjs.org/karma-phantomjs-launcher
49 verbose request where is https://registry.npmjs.org/karma-phantomjs-launcher
50 info trying registry request attempt 1 at 20:51:06
51 http GET https://registry.npmjs.org/karma-phantomjs-launcher
52 verbose request where is /karma-jasmine
53 verbose request registry https://registry.npmjs.org/
54 verbose url raw /karma-jasmine
55 verbose url resolving [ 'https://registry.npmjs.org/', './karma-jasmine' ]
56 verbose url resolved https://registry.npmjs.org/karma-jasmine
57 verbose request where is https://registry.npmjs.org/karma-jasmine
58 info trying registry request attempt 1 at 20:51:06
59 http GET https://registry.npmjs.org/karma-jasmine
60 silly addNameRange { name: 'grunt-karma', range: '*', hasData: false }
61 verbose request where is /grunt-karma
62 verbose request registry https://registry.npmjs.org/
63 verbose url raw /grunt-karma
64 verbose url resolving [ 'https://registry.npmjs.org/', './grunt-karma' ]
65 verbose url resolved https://registry.npmjs.org/grunt-karma
66 verbose request where is https://registry.npmjs.org/grunt-karma
67 info trying registry request attempt 1 at 20:51:06
68 http GET https://registry.npmjs.org/grunt-karma
69 http 200 https://registry.npmjs.org/karma-phantomjs-launcher
70 silly registry.get cb [ 200,
70 silly registry.get   { date: 'Tue, 02 Sep 2014 01:51:09 GMT',
70 silly registry.get     server: 'CouchDB/1.5.0 (Erlang OTP/R16B03)',
70 silly registry.get     etag: '"D2IO0A9H8GH0M6AOZZI7TM3WJ"',
70 silly registry.get     'content-type': 'application/json',
70 silly registry.get     'cache-control': 'max-age=60',
70 silly registry.get     'content-length': '12757',
70 silly registry.get     'accept-ranges': 'bytes',
70 silly registry.get     via: '1.1 varnish',
70 silly registry.get     age: '1044',
70 silly registry.get     'x-served-by': 'cache-dfw1834-DFW',
70 silly registry.get     'x-cache': 'HIT',
70 silly registry.get     'x-cache-hits': '1',
70 silly registry.get     'x-timer': 'S1409622669.520369,VS0,VE0',
70 silly registry.get     vary: 'Accept',
70 silly registry.get     'keep-alive': 'timeout=10, max=50',
70 silly registry.get     connection: 'Keep-Alive' } ]
71 silly addNameRange number 2 { name: 'karma-phantomjs-launcher', range: '*', hasData: true }
72 silly addNameRange versions [ 'karma-phantomjs-launcher',
72 silly addNameRange   [ '0.0.1',
72 silly addNameRange     '0.0.2',
72 silly addNameRange     '0.0.3',
72 silly addNameRange     '0.1.0',
72 silly addNameRange     '0.1.1',
72 silly addNameRange     '0.1.2',
72 silly addNameRange     '0.1.3',
72 silly addNameRange     '0.1.4' ] ]
73 verbose addNamed [ 'karma-phantomjs-launcher', '0.1.4' ]
74 verbose addNamed [ '0.1.4', '0.1.4' ]
75 silly lockFile 5b4ecc13-karma-phantomjs-launcher-0-1-4 karma-phantomjs-launcher@0.1.4
76 verbose lock karma-phantomjs-launcher@0.1.4 /Users/alejandro/.npm/5b4ecc13-karma-phantomjs-launcher-0-1-4.lock
77 silly lockFile 6f63103b-rma-phantomjs-launcher-0-1-4-tgz https://registry.npmjs.org/karma-phantomjs-launcher/-/karma-phantomjs-launcher-0.1.4.tgz
78 verbose lock https://registry.npmjs.org/karma-phantomjs-launcher/-/karma-phantomjs-launcher-0.1.4.tgz /Users/alejandro/.npm/6f63103b-rma-phantomjs-launcher-0-1-4-tgz.lock
79 verbose addRemoteTarball [ 'https://registry.npmjs.org/karma-phantomjs-launcher/-/karma-phantomjs-launcher-0.1.4.tgz',
79 verbose addRemoteTarball   '4ef96e4322ff63ae5d918e51c25b213723238f30' ]
80 info retry fetch attempt 1 at 20:51:08
81 verbose fetch to= /var/folders/kc/xdyh788n1hg36z9kl5tn65jr0000gn/T/npm-7610-MVsfe0RN/registry.npmjs.org/karma-phantomjs-launcher/-/karma-phantomjs-launcher-0.1.4.tgz
82 http GET https://registry.npmjs.org/karma-phantomjs-launcher/-/karma-phantomjs-launcher-0.1.4.tgz
83 http 200 https://registry.npmjs.org/karma-jasmine
84 silly registry.get cb [ 200,
84 silly registry.get   { date: 'Tue, 02 Sep 2014 01:51:09 GMT',
84 silly registry.get     server: 'CouchDB/1.5.0 (Erlang OTP/R16B03)',
84 silly registry.get     etag: '"29R619A5NP1BYNS8W9P1MNI7E"',
84 silly registry.get     'content-type': 'application/json',
84 silly registry.get     'cache-control': 'max-age=60',
84 silly registry.get     'content-length': '17003',
84 silly registry.get     'accept-ranges': 'bytes',
84 silly registry.get     via: '1.1 varnish',
84 silly registry.get     age: '5293',
84 silly registry.get     'x-served-by': 'cache-dfw1835-DFW',
84 silly registry.get     'x-cache': 'HIT',
84 silly registry.get     'x-cache-hits': '1',
84 silly registry.get     'x-timer': 'S1409622669.544351,VS0,VE264',
84 silly registry.get     vary: 'Accept',
84 silly registry.get     'keep-alive': 'timeout=10, max=50',
84 silly registry.get     connection: 'Keep-Alive' } ]
85 silly addNameRange number 2 { name: 'karma-jasmine', range: '*', hasData: true }
86 silly addNameRange versions [ 'karma-jasmine',
86 silly addNameRange   [ '0.0.1',
86 silly addNameRange     '0.0.2',
86 silly addNameRange     '0.0.3',
86 silly addNameRange     '0.1.0',
86 silly addNameRange     '0.1.1',
86 silly addNameRange     '0.1.2',
86 silly addNameRange     '0.1.3',
86 silly addNameRange     '0.1.4',
86 silly addNameRange     '0.1.5',
86 silly addNameRange     '0.2.0',
86 silly addNameRange     '0.2.1',
86 silly addNameRange     '0.2.2' ] ]
87 verbose addNamed [ 'karma-jasmine', '0.1.5' ]
88 verbose addNamed [ '0.1.5', '0.1.5' ]
89 silly lockFile 46898725-karma-jasmine-0-1-5 karma-jasmine@0.1.5
90 verbose lock karma-jasmine@0.1.5 /Users/alejandro/.npm/46898725-karma-jasmine-0-1-5.lock
91 silly lockFile cf8824d5--jasmine-karma-jasmine-0-1-5-tgz https://registry.npmjs.org/karma-jasmine/-/karma-jasmine-0.1.5.tgz
92 verbose lock https://registry.npmjs.org/karma-jasmine/-/karma-jasmine-0.1.5.tgz /Users/alejandro/.npm/cf8824d5--jasmine-karma-jasmine-0-1-5-tgz.lock
93 verbose addRemoteTarball [ 'https://registry.npmjs.org/karma-jasmine/-/karma-jasmine-0.1.5.tgz',
93 verbose addRemoteTarball   '924c02ddb5d93737eb82832cffd5d75186d34a26' ]
94 info retry fetch attempt 1 at 20:51:08
95 verbose fetch to= /var/folders/kc/xdyh788n1hg36z9kl5tn65jr0000gn/T/npm-7610-MVsfe0RN/registry.npmjs.org/karma-jasmine/-/karma-jasmine-0.1.5.tgz
96 http GET https://registry.npmjs.org/karma-jasmine/-/karma-jasmine-0.1.5.tgz
97 http 200 https://registry.npmjs.org/grunt-karma
98 silly registry.get cb [ 200,
98 silly registry.get   { date: 'Tue, 02 Sep 2014 01:51:09 GMT',
98 silly registry.get     server: 'CouchDB/1.5.0 (Erlang OTP/R16B03)',
98 silly registry.get     etag: '"ACLJG8MNU325AVAXHBTCW7MWY"',
98 silly registry.get     'content-type': 'application/json',
98 silly registry.get     'cache-control': 'max-age=60',
98 silly registry.get     'content-length': '34333',
98 silly registry.get     'accept-ranges': 'bytes',
98 silly registry.get     via: '1.1 varnish',
98 silly registry.get     age: '1198',
98 silly registry.get     'x-served-by': 'cache-dfw1822-DFW',
98 silly registry.get     'x-cache': 'HIT',
98 silly registry.get     'x-cache-hits': '1',
98 silly registry.get     'x-timer': 'S1409622669.534720,VS0,VE181',
98 silly registry.get     vary: 'Accept',
98 silly registry.get     'keep-alive': 'timeout=10, max=50',
98 silly registry.get     connection: 'Keep-Alive' } ]
99 silly addNameRange number 2 { name: 'grunt-karma', range: '*', hasData: true }
100 silly addNameRange versions [ 'grunt-karma',
100 silly addNameRange   [ '0.3.0',
100 silly addNameRange     '0.4.0',
100 silly addNameRange     '0.4.1',
100 silly addNameRange     '0.4.2',
100 silly addNameRange     '0.4.3',
100 silly addNameRange     '0.4.4',
100 silly addNameRange     '0.5.0',
100 silly addNameRange     '0.4.5',
100 silly addNameRange     '0.5.1',
100 silly addNameRange     '0.5.2',
100 silly addNameRange     '0.4.6',
100 silly addNameRange     '0.5.3',
100 silly addNameRange     '0.5.4',
100 silly addNameRange     '0.6.0',
100 silly addNameRange     '0.6.1',
100 silly addNameRange     '0.7.0',
100 silly addNameRange     '0.6.2',
100 silly addNameRange     '0.7.1',
100 silly addNameRange     '0.7.2',
100 silly addNameRange     '0.7.3',
100 silly addNameRange     '0.8.0',
100 silly addNameRange     '0.8.1',
100 silly addNameRange     '0.8.2',
100 silly addNameRange     '0.8.3' ] ]
101 verbose addNamed [ 'grunt-karma', '0.8.3' ]
102 verbose addNamed [ '0.8.3', '0.8.3' ]
103 silly lockFile e0300b7e-grunt-karma-0-8-3 grunt-karma@0.8.3
104 verbose lock grunt-karma@0.8.3 /Users/alejandro/.npm/e0300b7e-grunt-karma-0-8-3.lock
105 silly lockFile 3ebd4da4-runt-karma-grunt-karma-0-8-3-tgz https://registry.npmjs.org/grunt-karma/-/grunt-karma-0.8.3.tgz
106 verbose lock https://registry.npmjs.org/grunt-karma/-/grunt-karma-0.8.3.tgz /Users/alejandro/.npm/3ebd4da4-runt-karma-grunt-karma-0-8-3-tgz.lock
107 verbose addRemoteTarball [ 'https://registry.npmjs.org/grunt-karma/-/grunt-karma-0.8.3.tgz',
107 verbose addRemoteTarball   'e9ecf718153af1914aa53602a37f85de04310e7f' ]
108 info retry fetch attempt 1 at 20:51:08
109 verbose fetch to= /var/folders/kc/xdyh788n1hg36z9kl5tn65jr0000gn/T/npm-7610-MVsfe0RN/registry.npmjs.org/grunt-karma/-/grunt-karma-0.8.3.tgz
110 http GET https://registry.npmjs.org/grunt-karma/-/grunt-karma-0.8.3.tgz
111 http 200 https://registry.npmjs.org/karma-phantomjs-launcher/-/karma-phantomjs-launcher-0.1.4.tgz
112 silly lockFile 6f63103b-rma-phantomjs-launcher-0-1-4-tgz https://registry.npmjs.org/karma-phantomjs-launcher/-/karma-phantomjs-launcher-0.1.4.tgz
113 silly lockFile 6f63103b-rma-phantomjs-launcher-0-1-4-tgz https://registry.npmjs.org/karma-phantomjs-launcher/-/karma-phantomjs-launcher-0.1.4.tgz
114 silly lockFile 5b4ecc13-karma-phantomjs-launcher-0-1-4 karma-phantomjs-launcher@0.1.4
115 silly lockFile 5b4ecc13-karma-phantomjs-launcher-0-1-4 karma-phantomjs-launcher@0.1.4
116 silly lockFile cdd40d81-karma-phantomjs-launcher karma-phantomjs-launcher@
117 silly lockFile cdd40d81-karma-phantomjs-launcher karma-phantomjs-launcher@
118 http 200 https://registry.npmjs.org/karma-jasmine/-/karma-jasmine-0.1.5.tgz
119 http 200 https://registry.npmjs.org/grunt-karma/-/grunt-karma-0.8.3.tgz
120 silly lockFile 3ebd4da4-runt-karma-grunt-karma-0-8-3-tgz https://registry.npmjs.org/grunt-karma/-/grunt-karma-0.8.3.tgz
121 silly lockFile 3ebd4da4-runt-karma-grunt-karma-0-8-3-tgz https://registry.npmjs.org/grunt-karma/-/grunt-karma-0.8.3.tgz
122 silly lockFile e0300b7e-grunt-karma-0-8-3 grunt-karma@0.8.3
123 silly lockFile e0300b7e-grunt-karma-0-8-3 grunt-karma@0.8.3
124 silly lockFile 94531edb-grunt-karma grunt-karma@
125 silly lockFile 94531edb-grunt-karma grunt-karma@
126 silly lockFile cf8824d5--jasmine-karma-jasmine-0-1-5-tgz https://registry.npmjs.org/karma-jasmine/-/karma-jasmine-0.1.5.tgz
127 silly lockFile cf8824d5--jasmine-karma-jasmine-0-1-5-tgz https://registry.npmjs.org/karma-jasmine/-/karma-jasmine-0.1.5.tgz
128 silly lockFile 46898725-karma-jasmine-0-1-5 karma-jasmine@0.1.5
129 silly lockFile 46898725-karma-jasmine-0-1-5 karma-jasmine@0.1.5
130 silly lockFile a9316641-karma-jasmine karma-jasmine@
131 silly lockFile a9316641-karma-jasmine karma-jasmine@
132 silly resolved [ { name: 'karma-phantomjs-launcher',
132 silly resolved     version: '0.1.4',
132 silly resolved     description: 'A Karma plugin. Launcher for PhantomJS.',
132 silly resolved     main: 'index.js',
132 silly resolved     scripts: { test: 'echo "Error: no test specified" && exit 1' },
132 silly resolved     repository:
132 silly resolved      { type: 'git',
132 silly resolved        url: 'git://github.com/karma-runner/karma-phantomjs-launcher.git' },
132 silly resolved     keywords: [ 'karma-plugin', 'karma-launcher', 'phantomjs' ],
132 silly resolved     author: { name: 'Vojta Jina', email: 'vojta.jina@gmail.com' },
132 silly resolved     dependencies: { phantomjs: '~1.9' },
132 silly resolved     peerDependencies: { karma: '>=0.9' },
132 silly resolved     license: 'MIT',
132 silly resolved     devDependencies:
132 silly resolved      { grunt: '~0.4.1',
132 silly resolved        'grunt-npm': '~0.0.2',
132 silly resolved        'grunt-bump': '~0.0.7',
132 silly resolved        'grunt-auto-release': '~0.0.2' },
132 silly resolved     contributors:
132 silly resolved      [ [Object],
132 silly resolved        [Object],
132 silly resolved        [Object],
132 silly resolved        [Object],
132 silly resolved        [Object],
132 silly resolved        [Object],
132 silly resolved        [Object],
132 silly resolved        [Object],
132 silly resolved        [Object],
132 silly resolved        [Object] ],
132 silly resolved     bugs: { url: 'https://github.com/karma-runner/karma-phantomjs-launcher/issues' },
132 silly resolved     homepage: 'https://github.com/karma-runner/karma-phantomjs-launcher',
132 silly resolved     _id: 'karma-phantomjs-launcher@0.1.4',
132 silly resolved     dist:
132 silly resolved      { shasum: '4ef96e4322ff63ae5d918e51c25b213723238f30',
132 silly resolved        tarball: 'http://registry.npmjs.org/karma-phantomjs-launcher/-/karma-phantomjs-launcher-0.1.4.tgz' },
132 silly resolved     _from: 'karma-phantomjs-launcher@',
132 silly resolved     _npmVersion: '1.4.4',
132 silly resolved     _npmUser: { name: 'vojtajina', email: 'vojta.jina@gmail.com' },
132 silly resolved     maintainers: [ [Object] ],
132 silly resolved     directories: {},
132 silly resolved     _shasum: '4ef96e4322ff63ae5d918e51c25b213723238f30',
132 silly resolved     _resolved: 'https://registry.npmjs.org/karma-phantomjs-launcher/-/karma-phantomjs-launcher-0.1.4.tgz' },
132 silly resolved   { name: 'grunt-karma',
132 silly resolved     version: '0.8.3',
132 silly resolved     description: 'grunt plugin for karma test runner',
132 silly resolved     main: 'tasks/grunt-karma.js',
132 silly resolved     repository:
132 silly resolved      { type: 'git',
132 silly resolved        url: 'https://github.com/karma-runner/grunt-karma.git' },
132 silly resolved     keywords: [ 'gruntplugin', 'karma', 'grunt', 'test', 'unit', 'runner', 'TDD' ],
132 silly resolved     scripts: { test: 'grunt test' },
132 silly resolved     author: { name: 'Dave Geddes' },
132 silly resolved     license: 'MIT',
132 silly resolved     dependencies: { lodash: '~2.4.1' },
132 silly resolved     devDependencies:
132 silly resolved      { grunt: '~0.4.3',
132 silly resolved        'expect.js': '~0.2.0',
132 silly resolved        'grunt-release': '~0.5.1',
132 silly resolved        'grunt-contrib-watch': '~0.2.0',
132 silly resolved        'grunt-conventional-changelog': '~0.0.12',
132 silly resolved        'karma-mocha': '~0.1.3',
132 silly resolved        karma: '~0.12.0',
132 silly resolved        'karma-firefox-launcher': '~0.1.3',
132 silly resolved        'karma-chrome-launcher': '~0.1.2' },
132 silly resolved     peerDependencies: { grunt: '0.4.x', karma: '~0.12.0' },
132 silly resolved     bugs: { url: 'https://github.com/karma-runner/grunt-karma/issues' },
132 silly resolved     homepage: 'https://github.com/karma-runner/grunt-karma',
132 silly resolved     _id: 'grunt-karma@0.8.3',
132 silly resolved     dist:
132 silly resolved      { shasum: 'e9ecf718153af1914aa53602a37f85de04310e7f',
132 silly resolved        tarball: 'http://registry.npmjs.org/grunt-karma/-/grunt-karma-0.8.3.tgz' },
132 silly resolved     _from: 'grunt-karma@',
132 silly resolved     _npmVersion: '1.4.6',
132 silly resolved     _npmUser: { name: 'dignifiedquire', email: 'dignifiedquire@gmail.com' },
132 silly resolved     maintainers: [ [Object], [Object], [Object], [Object] ],
132 silly resolved     directories: {},
132 silly resolved     _shasum: 'e9ecf718153af1914aa53602a37f85de04310e7f',
132 silly resolved     _resolved: 'https://registry.npmjs.org/grunt-karma/-/grunt-karma-0.8.3.tgz' },
132 silly resolved   { name: 'karma-jasmine',
132 silly resolved     version: '0.1.5',
132 silly resolved     description: 'A Karma plugin - adapter for Jasmine testing framework.',
132 silly resolved     main: 'lib/index.js',
132 silly resolved     scripts: { test: 'grunt test' },
132 silly resolved     repository:
132 silly resolved      { type: 'git',
132 silly resolved        url: 'git://github.com/karma-runner/karma-jasmine.git' },
132 silly resolved     keywords: [ 'karma-plugin', 'karma-adapter', 'jasmine' ],
132 silly resolved     author: { name: 'Vojta Jina', email: 'vojta.jina@gmail.com' },
132 silly resolved     dependencies: {},
132 silly resolved     devDependencies:
132 silly resolved      { grunt: '~0.4.1',
132 silly resolved        'grunt-contrib-jshint': '~0.6',
132 silly resolved        karma: '~0.9',
132 silly resolved        'karma-jasmine': '*',
132 silly resolved        'grunt-karma': '~0.4',
132 silly resolved        'grunt-auto-release': '~0.0.2',
132 silly resolved        'grunt-npm': '~0.0.2',
132 silly resolved        'grunt-bump': '~0.0.7' },
132 silly resolved     peerDependencies: { karma: '>=0.9' },
132 silly resolved     license: 'MIT',
132 silly resolved     contributors: [ [Object], [Object] ],
132 silly resolved     bugs: { url: 'https://github.com/karma-runner/karma-jasmine/issues' },
132 silly resolved     _id: 'karma-jasmine@0.1.5',
132 silly resolved     dist:
132 silly resolved      { shasum: '924c02ddb5d93737eb82832cffd5d75186d34a26',
132 silly resolved        tarball: 'http://registry.npmjs.org/karma-jasmine/-/karma-jasmine-0.1.5.tgz' },
132 silly resolved     _from: 'karma-jasmine@',
132 silly resolved     _npmVersion: '1.3.11',
132 silly resolved     _npmUser: { name: 'vojtajina', email: 'vojta.jina@gmail.com' },
132 silly resolved     maintainers: [ [Object] ],
132 silly resolved     directories: {},
132 silly resolved     _shasum: '924c02ddb5d93737eb82832cffd5d75186d34a26',
132 silly resolved     _resolved: 'https://registry.npmjs.org/karma-jasmine/-/karma-jasmine-0.1.5.tgz' } ]
133 info install karma-phantomjs-launcher@0.1.4 into /Users/alejandro/Code/gap-store
134 info install grunt-karma@0.8.3 into /Users/alejandro/Code/gap-store
135 info install karma-jasmine@0.1.5 into /Users/alejandro/Code/gap-store
136 info installOne karma-phantomjs-launcher@0.1.4
137 info installOne grunt-karma@0.8.3
138 info installOne karma-jasmine@0.1.5
139 verbose node_modules/karma-phantomjs-launcher unbuild
140 verbose node_modules/grunt-karma unbuild
141 verbose node_modules/karma-jasmine unbuild
142 verbose tar unpack /Users/alejandro/.npm/karma-phantomjs-launcher/0.1.4/package.tgz
143 silly lockFile 456390f1-modules-karma-phantomjs-launcher tar:///Users/alejandro/Code/gap-store/node_modules/karma-phantomjs-launcher
144 verbose lock tar:///Users/alejandro/Code/gap-store/node_modules/karma-phantomjs-launcher /Users/alejandro/.npm/456390f1-modules-karma-phantomjs-launcher.lock
145 silly lockFile 692618a7-tomjs-launcher-0-1-4-package-tgz tar:///Users/alejandro/.npm/karma-phantomjs-launcher/0.1.4/package.tgz
146 verbose lock tar:///Users/alejandro/.npm/karma-phantomjs-launcher/0.1.4/package.tgz /Users/alejandro/.npm/692618a7-tomjs-launcher-0-1-4-package-tgz.lock
147 verbose tar unpack /Users/alejandro/.npm/grunt-karma/0.8.3/package.tgz
148 silly lockFile 054d7fe5-p-store-node-modules-grunt-karma tar:///Users/alejandro/Code/gap-store/node_modules/grunt-karma
149 verbose lock tar:///Users/alejandro/Code/gap-store/node_modules/grunt-karma /Users/alejandro/.npm/054d7fe5-p-store-node-modules-grunt-karma.lock
150 silly lockFile 366d90b2-pm-grunt-karma-0-8-3-package-tgz tar:///Users/alejandro/.npm/grunt-karma/0.8.3/package.tgz
151 verbose lock tar:///Users/alejandro/.npm/grunt-karma/0.8.3/package.tgz /Users/alejandro/.npm/366d90b2-pm-grunt-karma-0-8-3-package-tgz.lock
152 verbose tar unpack /Users/alejandro/.npm/karma-jasmine/0.1.5/package.tgz
153 silly lockFile 5e93d941-store-node-modules-karma-jasmine tar:///Users/alejandro/Code/gap-store/node_modules/karma-jasmine
154 verbose lock tar:///Users/alejandro/Code/gap-store/node_modules/karma-jasmine /Users/alejandro/.npm/5e93d941-store-node-modules-karma-jasmine.lock
155 silly lockFile 201f3b60--karma-jasmine-0-1-5-package-tgz tar:///Users/alejandro/.npm/karma-jasmine/0.1.5/package.tgz
156 verbose lock tar:///Users/alejandro/.npm/karma-jasmine/0.1.5/package.tgz /Users/alejandro/.npm/201f3b60--karma-jasmine-0-1-5-package-tgz.lock
157 silly gunzTarPerm modes [ '755', '644' ]
158 silly gunzTarPerm modes [ '755', '644' ]
159 silly gunzTarPerm modes [ '755', '644' ]
160 silly gunzTarPerm extractEntry package.json
161 silly gunzTarPerm extractEntry package.json
162 silly gunzTarPerm extractEntry package.json
163 silly gunzTarPerm extractEntry LICENSE
164 silly gunzTarPerm extractEntry index.js
165 silly gunzTarPerm extractEntry .npmignore
166 silly gunzTarPerm extractEntry README.md
167 silly gunzTarPerm extractEntry README.md
168 silly gunzTarPerm extractEntry LICENSE
169 silly gunzTarPerm extractEntry LICENSE
170 silly gunzTarPerm extractEntry Gruntfile.js
171 silly gunzTarPerm extractEntry lib/adapter.js
172 silly gunzTarPerm extractEntry lib/index.js
173 silly gunzTarPerm extractEntry .travis.yml
174 silly gunzTarPerm extractEntry TODO.md
175 silly gunzTarPerm extractEntry lib/jasmine.js
176 silly gunzTarPerm extractEntry lib/background.js
177 silly gunzTarPerm extractEntry CHANGELOG.md
178 silly lockFile 456390f1-modules-karma-phantomjs-launcher tar:///Users/alejandro/Code/gap-store/node_modules/karma-phantomjs-launcher
179 silly lockFile 456390f1-modules-karma-phantomjs-launcher tar:///Users/alejandro/Code/gap-store/node_modules/karma-phantomjs-launcher
180 silly lockFile 692618a7-tomjs-launcher-0-1-4-package-tgz tar:///Users/alejandro/.npm/karma-phantomjs-launcher/0.1.4/package.tgz
181 silly lockFile 692618a7-tomjs-launcher-0-1-4-package-tgz tar:///Users/alejandro/.npm/karma-phantomjs-launcher/0.1.4/package.tgz
182 info preinstall karma-phantomjs-launcher@0.1.4
183 silly gunzTarPerm extractEntry tasks/grunt-karma.js
184 verbose readDependencies using package.json deps
185 verbose readDependencies using package.json deps
186 verbose cache add [ 'phantomjs@~1.9', null ]
187 verbose cache add name=undefined spec="phantomjs@~1.9" args=["phantomjs@~1.9",null]
188 verbose parsed url { protocol: null,
188 verbose parsed url   slashes: null,
188 verbose parsed url   auth: null,
188 verbose parsed url   host: null,
188 verbose parsed url   port: null,
188 verbose parsed url   hostname: null,
188 verbose parsed url   hash: null,
188 verbose parsed url   search: null,
188 verbose parsed url   query: null,
188 verbose parsed url   pathname: 'phantomjs@~1.9',
188 verbose parsed url   path: 'phantomjs@~1.9',
188 verbose parsed url   href: 'phantomjs@~1.9' }
189 verbose cache add name="phantomjs" spec="~1.9" args=["phantomjs","~1.9"]
190 verbose parsed url { protocol: null,
190 verbose parsed url   slashes: null,
190 verbose parsed url   auth: null,
190 verbose parsed url   host: null,
190 verbose parsed url   port: null,
190 verbose parsed url   hostname: null,
190 verbose parsed url   hash: null,
190 verbose parsed url   search: null,
190 verbose parsed url   query: null,
190 verbose parsed url   pathname: '~1.9',
190 verbose parsed url   path: '~1.9',
190 verbose parsed url   href: '~1.9' }
191 verbose addNamed [ 'phantomjs', '~1.9' ]
192 verbose addNamed [ null, '>=1.9.0-0 <1.10.0-0' ]
193 silly lockFile 472de541-phantomjs-1-9 phantomjs@~1.9
194 verbose lock phantomjs@~1.9 /Users/alejandro/.npm/472de541-phantomjs-1-9.lock
195 silly gunzTarPerm extractEntry test/grunt-karma-test.js
196 silly addNameRange { name: 'phantomjs',
196 silly addNameRange   range: '>=1.9.0-0 <1.10.0-0',
196 silly addNameRange   hasData: false }
197 verbose request where is /phantomjs
198 verbose request registry https://registry.npmjs.org/
199 verbose url raw /phantomjs
200 verbose url resolving [ 'https://registry.npmjs.org/', './phantomjs' ]
201 verbose url resolved https://registry.npmjs.org/phantomjs
202 verbose request where is https://registry.npmjs.org/phantomjs
203 info trying registry request attempt 1 at 20:51:09
204 http GET https://registry.npmjs.org/phantomjs
205 silly lockFile 054d7fe5-p-store-node-modules-grunt-karma tar:///Users/alejandro/Code/gap-store/node_modules/grunt-karma
206 silly lockFile 054d7fe5-p-store-node-modules-grunt-karma tar:///Users/alejandro/Code/gap-store/node_modules/grunt-karma
207 silly lockFile 366d90b2-pm-grunt-karma-0-8-3-package-tgz tar:///Users/alejandro/.npm/grunt-karma/0.8.3/package.tgz
208 silly lockFile 366d90b2-pm-grunt-karma-0-8-3-package-tgz tar:///Users/alejandro/.npm/grunt-karma/0.8.3/package.tgz
209 info preinstall grunt-karma@0.8.3
210 verbose readDependencies using package.json deps
211 verbose readDependencies using package.json deps
212 verbose cache add [ 'lodash@~2.4.1', null ]
213 verbose cache add name=undefined spec="lodash@~2.4.1" args=["lodash@~2.4.1",null]
214 verbose parsed url { protocol: null,
214 verbose parsed url   slashes: null,
214 verbose parsed url   auth: null,
214 verbose parsed url   host: null,
214 verbose parsed url   port: null,
214 verbose parsed url   hostname: null,
214 verbose parsed url   hash: null,
214 verbose parsed url   search: null,
214 verbose parsed url   query: null,
214 verbose parsed url   pathname: 'lodash@~2.4.1',
214 verbose parsed url   path: 'lodash@~2.4.1',
214 verbose parsed url   href: 'lodash@~2.4.1' }
215 verbose cache add name="lodash" spec="~2.4.1" args=["lodash","~2.4.1"]
216 verbose parsed url { protocol: null,
216 verbose parsed url   slashes: null,
216 verbose parsed url   auth: null,
216 verbose parsed url   host: null,
216 verbose parsed url   port: null,
216 verbose parsed url   hostname: null,
216 verbose parsed url   hash: null,
216 verbose parsed url   search: null,
216 verbose parsed url   query: null,
216 verbose parsed url   pathname: '~2.4.1',
216 verbose parsed url   path: '~2.4.1',
216 verbose parsed url   href: '~2.4.1' }
217 verbose addNamed [ 'lodash', '~2.4.1' ]
218 verbose addNamed [ null, '>=2.4.1-0 <2.5.0-0' ]
219 silly lockFile 257f9ab3-lodash-2-4-1 lodash@~2.4.1
220 verbose lock lodash@~2.4.1 /Users/alejandro/.npm/257f9ab3-lodash-2-4-1.lock
221 silly addNameRange { name: 'lodash', range: '>=2.4.1-0 <2.5.0-0', hasData: false }
222 verbose request where is /lodash
223 verbose request registry https://registry.npmjs.org/
224 verbose url raw /lodash
225 verbose url resolving [ 'https://registry.npmjs.org/', './lodash' ]
226 verbose url resolved https://registry.npmjs.org/lodash
227 verbose request where is https://registry.npmjs.org/lodash
228 info trying registry request attempt 1 at 20:51:09
229 verbose etag "CG6BI5BA6Z35MD8QPVBR3W7B4"
230 http GET https://registry.npmjs.org/lodash
231 silly lockFile 5e93d941-store-node-modules-karma-jasmine tar:///Users/alejandro/Code/gap-store/node_modules/karma-jasmine
232 silly lockFile 5e93d941-store-node-modules-karma-jasmine tar:///Users/alejandro/Code/gap-store/node_modules/karma-jasmine
233 silly lockFile 201f3b60--karma-jasmine-0-1-5-package-tgz tar:///Users/alejandro/.npm/karma-jasmine/0.1.5/package.tgz
234 silly lockFile 201f3b60--karma-jasmine-0-1-5-package-tgz tar:///Users/alejandro/.npm/karma-jasmine/0.1.5/package.tgz
235 info preinstall karma-jasmine@0.1.5
236 verbose readDependencies using package.json deps
237 verbose readDependencies using package.json deps
238 silly resolved []
239 verbose about to build /Users/alejandro/Code/gap-store/node_modules/karma-jasmine
240 info build /Users/alejandro/Code/gap-store/node_modules/karma-jasmine
241 verbose linkStuff [ false,
241 verbose linkStuff   false,
241 verbose linkStuff   false,
241 verbose linkStuff   '/Users/alejandro/Code/gap-store/node_modules' ]
242 info linkStuff karma-jasmine@0.1.5
243 verbose linkBins karma-jasmine@0.1.5
244 verbose linkMans karma-jasmine@0.1.5
245 verbose rebuildBundles karma-jasmine@0.1.5
246 info install karma-jasmine@0.1.5
247 info postinstall karma-jasmine@0.1.5
248 verbose readDependencies using package.json deps
249 verbose cache add [ 'karma@>=0.9', null ]
250 verbose cache add name=undefined spec="karma@>=0.9" args=["karma@>=0.9",null]
251 verbose parsed url { protocol: null,
251 verbose parsed url   slashes: null,
251 verbose parsed url   auth: null,
251 verbose parsed url   host: null,
251 verbose parsed url   port: null,
251 verbose parsed url   hostname: null,
251 verbose parsed url   hash: null,
251 verbose parsed url   search: null,
251 verbose parsed url   query: null,
251 verbose parsed url   pathname: 'karma@%3E=0.9',
251 verbose parsed url   path: 'karma@%3E=0.9',
251 verbose parsed url   href: 'karma@%3E=0.9' }
252 verbose cache add name="karma" spec=">=0.9" args=["karma",">=0.9"]
253 verbose parsed url { protocol: null,
253 verbose parsed url   slashes: null,
253 verbose parsed url   auth: null,
253 verbose parsed url   host: null,
253 verbose parsed url   port: null,
253 verbose parsed url   hostname: null,
253 verbose parsed url   hash: null,
253 verbose parsed url   search: null,
253 verbose parsed url   query: null,
253 verbose parsed url   pathname: '%3E=0.9',
253 verbose parsed url   path: '%3E=0.9',
253 verbose parsed url   href: '%3E=0.9' }
254 verbose addNamed [ 'karma', '>=0.9' ]
255 verbose addNamed [ null, '>=0.9.0-0' ]
256 silly lockFile 0ddc6e0a-karma-0-9 karma@>=0.9
257 verbose lock karma@>=0.9 /Users/alejandro/.npm/0ddc6e0a-karma-0-9.lock
258 silly addNameRange { name: 'karma', range: '>=0.9.0-0', hasData: false }
259 verbose request where is /karma
260 verbose request registry https://registry.npmjs.org/
261 verbose url raw /karma
262 verbose url resolving [ 'https://registry.npmjs.org/', './karma' ]
263 verbose url resolved https://registry.npmjs.org/karma
264 verbose request where is https://registry.npmjs.org/karma
265 info trying registry request attempt 1 at 20:51:09
266 http GET https://registry.npmjs.org/karma
267 http 304 https://registry.npmjs.org/lodash
268 silly registry.get cb [ 304,
268 silly registry.get   { date: 'Tue, 02 Sep 2014 01:51:11 GMT',
268 silly registry.get     server: 'Apache',
268 silly registry.get     via: '1.1 varnish',
268 silly registry.get     'last-modified': 'Tue, 02 Sep 2014 01:51:11 GMT',
268 silly registry.get     'cache-control': 'max-age=60',
268 silly registry.get     etag: '"CG6BI5BA6Z35MD8QPVBR3W7B4"',
268 silly registry.get     'x-served-by': 'cache-dfw1831-DFW',
268 silly registry.get     'x-cache': 'HIT',
268 silly registry.get     'x-cache-hits': '1',
268 silly registry.get     'x-timer': 'S1409622671.320377,VS0,VE0',
268 silly registry.get     vary: 'Accept',
268 silly registry.get     'content-length': '0',
268 silly registry.get     'keep-alive': 'timeout=10, max=50',
268 silly registry.get     connection: 'Keep-Alive' } ]
269 verbose etag https://registry.npmjs.org/lodash from cache
270 silly addNameRange number 2 { name: 'lodash', range: '>=2.4.1-0 <2.5.0-0', hasData: true }
271 silly addNameRange versions [ 'lodash',
271 silly addNameRange   [ '0.1.0',
271 silly addNameRange     '0.2.0',
271 silly addNameRange     '0.2.1',
271 silly addNameRange     '0.2.2',
271 silly addNameRange     '0.3.0',
271 silly addNameRange     '0.3.1',
271 silly addNameRange     '0.3.2',
271 silly addNameRange     '0.4.0',
271 silly addNameRange     '0.4.1',
271 silly addNameRange     '0.4.2',
271 silly addNameRange     '0.5.0-rc.1',
271 silly addNameRange     '0.5.0',
271 silly addNameRange     '0.5.1',
271 silly addNameRange     '0.5.2',
271 silly addNameRange     '0.6.0',
271 silly addNameRange     '0.6.1',
271 silly addNameRange     '0.7.0',
271 silly addNameRange     '0.8.0',
271 silly addNameRange     '0.8.1',
271 silly addNameRange     '0.8.2',
271 silly addNameRange     '0.9.0',
271 silly addNameRange     '0.9.1',
271 silly addNameRange     '0.9.2',
271 silly addNameRange     '0.10.0',
271 silly addNameRange     '1.0.0-rc.1',
271 silly addNameRange     '1.0.0-rc.2',
271 silly addNameRange     '1.0.0-rc.3',
271 silly addNameRange     '1.0.0',
271 silly addNameRange     '1.0.1',
271 silly addNameRange     '1.1.0',
271 silly addNameRange     '1.1.1',
271 silly addNameRange     '1.2.0',
271 silly addNameRange     '1.2.1',
271 silly addNameRange     '1.3.0',
271 silly addNameRange     '1.3.1',
271 silly addNameRange     '2.0.0',
271 silly addNameRange     '2.1.0',
271 silly addNameRange     '2.2.0',
271 silly addNameRange     '2.2.1',
271 silly addNameRange     '2.3.0',
271 silly addNameRange     '2.4.0',
271 silly addNameRange     '2.4.1' ] ]
272 verbose addNamed [ 'lodash', '2.4.1' ]
273 verbose addNamed [ '2.4.1', '2.4.1' ]
274 silly lockFile 8502be2a-lodash-2-4-1 lodash@2.4.1
275 verbose lock lodash@2.4.1 /Users/alejandro/.npm/8502be2a-lodash-2-4-1.lock
276 silly lockFile 8502be2a-lodash-2-4-1 lodash@2.4.1
277 silly lockFile 8502be2a-lodash-2-4-1 lodash@2.4.1
278 silly lockFile 257f9ab3-lodash-2-4-1 lodash@~2.4.1
279 silly lockFile 257f9ab3-lodash-2-4-1 lodash@~2.4.1
280 silly resolved [ { name: 'lodash',
280 silly resolved     version: '2.4.1',
280 silly resolved     description: 'A utility library delivering consistency, customization, performance, & extras.',
280 silly resolved     homepage: 'http://lodash.com/',
280 silly resolved     license: 'MIT',
280 silly resolved     main: 'dist/lodash.js',
280 silly resolved     keywords:
280 silly resolved      [ 'amd',
280 silly resolved        'browser',
280 silly resolved        'client',
280 silly resolved        'customize',
280 silly resolved        'functional',
280 silly resolved        'server',
280 silly resolved        'util' ],
280 silly resolved     author:
280 silly resolved      { name: 'John-David Dalton',
280 silly resolved        email: 'john.david.dalton@gmail.com',
280 silly resolved        url: 'http://allyoucanleet.com/' },
280 silly resolved     contributors: [ [Object], [Object], [Object], [Object] ],
280 silly resolved     bugs: { url: 'https://github.com/lodash/lodash/issues' },
280 silly resolved     repository: { type: 'git', url: 'https://github.com/lodash/lodash.git' },
280 silly resolved     engines: [ 'node', 'rhino' ],
280 silly resolved     files:
280 silly resolved      [ 'LICENSE.txt',
280 silly resolved        'lodash.js',
280 silly resolved        'dist/lodash.js',
280 silly resolved        'dist/lodash.min.js',
280 silly resolved        'dist/lodash.compat.js',
280 silly resolved        'dist/lodash.compat.min.js',
280 silly resolved        'dist/lodash.underscore.js',
280 silly resolved        'dist/lodash.underscore.min.js' ],
280 silly resolved     jam: { main: 'dist/lodash.compat.js', include: [Object] },
280 silly resolved     volo: { type: 'directory', ignore: [Object] },
280 silly resolved     _id: 'lodash@2.4.1',
280 silly resolved     dist:
280 silly resolved      { shasum: '5b7723034dda4d262e5a46fb2c58d7cc22f71420',
280 silly resolved        tarball: 'http://registry.npmjs.org/lodash/-/lodash-2.4.1.tgz' },
280 silly resolved     _from: 'lodash@~2.4.1',
280 silly resolved     _npmVersion: '1.3.14',
280 silly resolved     _npmUser: { name: 'jdalton', email: 'john.david.dalton@gmail.com' },
280 silly resolved     maintainers: [ [Object], [Object], [Object], [Object] ],
280 silly resolved     directories: {},
280 silly resolved     _shasum: '5b7723034dda4d262e5a46fb2c58d7cc22f71420',
280 silly resolved     _resolved: 'https://registry.npmjs.org/lodash/-/lodash-2.4.1.tgz',
280 silly resolved     readme: 'ERROR: No README data found!',
280 silly resolved     scripts: {} } ]
281 info install lodash@2.4.1 into /Users/alejandro/Code/gap-store/node_modules/grunt-karma
282 info installOne lodash@2.4.1
283 verbose node_modules/grunt-karma/node_modules/lodash unbuild
284 verbose tar unpack /Users/alejandro/.npm/lodash/2.4.1/package.tgz
285 silly lockFile fb0941e0--grunt-karma-node-modules-lodash tar:///Users/alejandro/Code/gap-store/node_modules/grunt-karma/node_modules/lodash
286 verbose lock tar:///Users/alejandro/Code/gap-store/node_modules/grunt-karma/node_modules/lodash /Users/alejandro/.npm/fb0941e0--grunt-karma-node-modules-lodash.lock
287 silly lockFile f23546ac-dro-npm-lodash-2-4-1-package-tgz tar:///Users/alejandro/.npm/lodash/2.4.1/package.tgz
288 verbose lock tar:///Users/alejandro/.npm/lodash/2.4.1/package.tgz /Users/alejandro/.npm/f23546ac-dro-npm-lodash-2-4-1-package-tgz.lock
289 silly gunzTarPerm modes [ '755', '644' ]
290 silly gunzTarPerm extractEntry package.json
291 silly gunzTarPerm extractEntry README.md
292 silly gunzTarPerm extractEntry lodash.js
293 silly gunzTarPerm extractEntry LICENSE.txt
294 silly gunzTarPerm extractEntry dist/lodash.compat.js
295 silly gunzTarPerm extractEntry dist/lodash.compat.min.js
296 silly gunzTarPerm extractEntry dist/lodash.js
297 silly gunzTarPerm extractEntry dist/lodash.min.js
298 silly gunzTarPerm extractEntry dist/lodash.underscore.js
299 silly gunzTarPerm extractEntry dist/lodash.underscore.min.js
300 silly lockFile fb0941e0--grunt-karma-node-modules-lodash tar:///Users/alejandro/Code/gap-store/node_modules/grunt-karma/node_modules/lodash
301 silly lockFile fb0941e0--grunt-karma-node-modules-lodash tar:///Users/alejandro/Code/gap-store/node_modules/grunt-karma/node_modules/lodash
302 silly lockFile f23546ac-dro-npm-lodash-2-4-1-package-tgz tar:///Users/alejandro/.npm/lodash/2.4.1/package.tgz
303 silly lockFile f23546ac-dro-npm-lodash-2-4-1-package-tgz tar:///Users/alejandro/.npm/lodash/2.4.1/package.tgz
304 info preinstall lodash@2.4.1
305 verbose readDependencies using package.json deps
306 verbose readDependencies using package.json deps
307 silly resolved []
308 verbose about to build /Users/alejandro/Code/gap-store/node_modules/grunt-karma/node_modules/lodash
309 info build /Users/alejandro/Code/gap-store/node_modules/grunt-karma/node_modules/lodash
310 verbose linkStuff [ false,
310 verbose linkStuff   false,
310 verbose linkStuff   false,
310 verbose linkStuff   '/Users/alejandro/Code/gap-store/node_modules/grunt-karma/node_modules' ]
311 info linkStuff lodash@2.4.1
312 verbose linkBins lodash@2.4.1
313 verbose linkMans lodash@2.4.1
314 verbose rebuildBundles lodash@2.4.1
315 info install lodash@2.4.1
316 info postinstall lodash@2.4.1
317 verbose about to build /Users/alejandro/Code/gap-store/node_modules/grunt-karma
318 info build /Users/alejandro/Code/gap-store/node_modules/grunt-karma
319 verbose linkStuff [ false,
319 verbose linkStuff   false,
319 verbose linkStuff   false,
319 verbose linkStuff   '/Users/alejandro/Code/gap-store/node_modules' ]
320 info linkStuff grunt-karma@0.8.3
321 verbose linkBins grunt-karma@0.8.3
322 verbose linkMans grunt-karma@0.8.3
323 verbose rebuildBundles grunt-karma@0.8.3
324 verbose rebuildBundles [ 'lodash' ]
325 info install grunt-karma@0.8.3
326 info postinstall grunt-karma@0.8.3
327 verbose readDependencies using package.json deps
328 verbose cache add [ 'grunt@0.4.x', null ]
329 verbose cache add name=undefined spec="grunt@0.4.x" args=["grunt@0.4.x",null]
330 verbose parsed url { protocol: null,
330 verbose parsed url   slashes: null,
330 verbose parsed url   auth: null,
330 verbose parsed url   host: null,
330 verbose parsed url   port: null,
330 verbose parsed url   hostname: null,
330 verbose parsed url   hash: null,
330 verbose parsed url   search: null,
330 verbose parsed url   query: null,
330 verbose parsed url   pathname: 'grunt@0.4.x',
330 verbose parsed url   path: 'grunt@0.4.x',
330 verbose parsed url   href: 'grunt@0.4.x' }
331 verbose cache add [ 'karma@~0.12.0', null ]
332 verbose cache add name=undefined spec="karma@~0.12.0" args=["karma@~0.12.0",null]
333 verbose parsed url { protocol: null,
333 verbose parsed url   slashes: null,
333 verbose parsed url   auth: null,
333 verbose parsed url   host: null,
333 verbose parsed url   port: null,
333 verbose parsed url   hostname: null,
333 verbose parsed url   hash: null,
333 verbose parsed url   search: null,
333 verbose parsed url   query: null,
333 verbose parsed url   pathname: 'karma@~0.12.0',
333 verbose parsed url   path: 'karma@~0.12.0',
333 verbose parsed url   href: 'karma@~0.12.0' }
334 verbose cache add name="grunt" spec="0.4.x" args=["grunt","0.4.x"]
335 verbose parsed url { protocol: null,
335 verbose parsed url   slashes: null,
335 verbose parsed url   auth: null,
335 verbose parsed url   host: null,
335 verbose parsed url   port: null,
335 verbose parsed url   hostname: null,
335 verbose parsed url   hash: null,
335 verbose parsed url   search: null,
335 verbose parsed url   query: null,
335 verbose parsed url   pathname: '0.4.x',
335 verbose parsed url   path: '0.4.x',
335 verbose parsed url   href: '0.4.x' }
336 verbose addNamed [ 'grunt', '0.4.x' ]
337 verbose addNamed [ null, '>=0.4.0-0 <0.5.0-0' ]
338 silly lockFile 6aebe2f8-grunt-0-4-x grunt@0.4.x
339 verbose lock grunt@0.4.x /Users/alejandro/.npm/6aebe2f8-grunt-0-4-x.lock
340 verbose cache add name="karma" spec="~0.12.0" args=["karma","~0.12.0"]
341 verbose parsed url { protocol: null,
341 verbose parsed url   slashes: null,
341 verbose parsed url   auth: null,
341 verbose parsed url   host: null,
341 verbose parsed url   port: null,
341 verbose parsed url   hostname: null,
341 verbose parsed url   hash: null,
341 verbose parsed url   search: null,
341 verbose parsed url   query: null,
341 verbose parsed url   pathname: '~0.12.0',
341 verbose parsed url   path: '~0.12.0',
341 verbose parsed url   href: '~0.12.0' }
342 verbose addNamed [ 'karma', '~0.12.0' ]
343 verbose addNamed [ null, '>=0.12.0-0 <0.13.0-0' ]
344 silly lockFile 9f4f2022-karma-0-12-0 karma@~0.12.0
345 verbose lock karma@~0.12.0 /Users/alejandro/.npm/9f4f2022-karma-0-12-0.lock
346 silly addNameRange { name: 'grunt', range: '>=0.4.0-0 <0.5.0-0', hasData: false }
347 silly addNameRange { name: 'karma', range: '>=0.12.0-0 <0.13.0-0', hasData: false }
348 verbose request where is /karma
349 verbose request registry https://registry.npmjs.org/
350 verbose url raw /karma
351 verbose url resolving [ 'https://registry.npmjs.org/', './karma' ]
352 verbose url resolved https://registry.npmjs.org/karma
353 verbose request where is https://registry.npmjs.org/karma
354 info trying registry request attempt 1 at 20:51:10
355 http GET https://registry.npmjs.org/karma
356 verbose registry.get https://registry.npmjs.org/grunt not expired, no request
357 silly addNameRange number 2 { name: 'grunt', range: '>=0.4.0-0 <0.5.0-0', hasData: true }
358 silly addNameRange versions [ 'grunt',
358 silly addNameRange   [ '0.1.0',
358 silly addNameRange     '0.1.1',
358 silly addNameRange     '0.1.2',
358 silly addNameRange     '0.2.0',
358 silly addNameRange     '0.2.1',
358 silly addNameRange     '0.2.2',
358 silly addNameRange     '0.2.3',
358 silly addNameRange     '0.2.4',
358 silly addNameRange     '0.2.5',
358 silly addNameRange     '0.2.6',
358 silly addNameRange     '0.2.7',
358 silly addNameRange     '0.2.8',
358 silly addNameRange     '0.2.9',
358 silly addNameRange     '0.2.10',
358 silly addNameRange     '0.2.11',
358 silly addNameRange     '0.2.12',
358 silly addNameRange     '0.2.13',
358 silly addNameRange     '0.2.14',
358 silly addNameRange     '0.2.15',
358 silly addNameRange     '0.3.0',
358 silly addNameRange     '0.3.1',
358 silly addNameRange     '0.3.2',
358 silly addNameRange     '0.3.3',
358 silly addNameRange     '0.3.4',
358 silly addNameRange     '0.3.5',
358 silly addNameRange     '0.3.6',
358 silly addNameRange     '0.3.7',
358 silly addNameRange     '0.3.8',
358 silly addNameRange     '0.3.9',
358 silly addNameRange     '0.3.10',
358 silly addNameRange     '0.3.11',
358 silly addNameRange     '0.3.12',
358 silly addNameRange     '0.3.13',
358 silly addNameRange     '0.3.14',
358 silly addNameRange     '0.3.15',
358 silly addNameRange     '0.3.16',
358 silly addNameRange     '0.3.17',
358 silly addNameRange     '0.4.0',
358 silly addNameRange     '0.4.1',
358 silly addNameRange     '0.4.2',
358 silly addNameRange     '0.4.3',
358 silly addNameRange     '0.4.4',
358 silly addNameRange     '0.4.5',
358 silly addNameRange     '0.3.13-a',
358 silly addNameRange     '0.4.0-a',
358 silly addNameRange     '0.4.0-rc1',
358 silly addNameRange     '0.4.0-rc2',
358 silly addNameRange     '0.4.0-rc3',
358 silly addNameRange     '0.4.0-rc4',
358 silly addNameRange     '0.4.0-rc5',
358 silly addNameRange     '0.4.0-rc6',
358 silly addNameRange     '0.4.0-rc7',
358 silly addNameRange     '0.4.0-rc8' ] ]
359 verbose addNamed [ 'grunt', '0.4.5' ]
360 verbose addNamed [ '0.4.5', '0.4.5' ]
361 silly lockFile 81abf7ad-grunt-0-4-5 grunt@0.4.5
362 verbose lock grunt@0.4.5 /Users/alejandro/.npm/81abf7ad-grunt-0-4-5.lock
363 http 200 https://registry.npmjs.org/phantomjs
364 silly registry.get cb [ 200,
364 silly registry.get   { date: 'Tue, 02 Sep 2014 01:51:11 GMT',
364 silly registry.get     server: 'CouchDB/1.5.0 (Erlang OTP/R16B03)',
364 silly registry.get     etag: '"DMRTCOZBT9PJWL3EMLZHZ2BTO"',
364 silly registry.get     'content-type': 'application/json',
364 silly registry.get     'cache-control': 'max-age=60',
364 silly registry.get     'content-length': '80729',
364 silly registry.get     'accept-ranges': 'bytes',
364 silly registry.get     via: '1.1 varnish',
364 silly registry.get     age: '938',
364 silly registry.get     'x-served-by': 'cache-dfw1830-DFW',
364 silly registry.get     'x-cache': 'HIT',
364 silly registry.get     'x-cache-hits': '3',
364 silly registry.get     'x-timer': 'S1409622671.320643,VS0,VE0',
364 silly registry.get     vary: 'Accept',
364 silly registry.get     'keep-alive': 'timeout=10, max=50',
364 silly registry.get     connection: 'Keep-Alive' } ]
365 silly addNameRange number 2 { name: 'phantomjs',
365 silly addNameRange   range: '>=1.9.0-0 <1.10.0-0',
365 silly addNameRange   hasData: true }
366 silly addNameRange versions [ 'phantomjs',
366 silly addNameRange   [ '0.0.1',
366 silly addNameRange     '0.0.2',
366 silly addNameRange     '0.0.3',
366 silly addNameRange     '0.0.4',
366 silly addNameRange     '0.0.5',
366 silly addNameRange     '0.0.6',
366 silly addNameRange     '0.0.7',
366 silly addNameRange     '0.0.8',
366 silly addNameRange     '0.0.9',
366 silly addNameRange     '0.1.0',
366 silly addNameRange     '0.1.1',
366 silly addNameRange     '0.2.0',
366 silly addNameRange     '0.2.1',
366 silly addNameRange     '0.2.2',
366 silly addNameRange     '0.2.3',
366 silly addNameRange     '0.2.4',
366 silly addNameRange     '0.2.5',
366 silly addNameRange     '0.2.6',
366 silly addNameRange     '1.8.0-1',
366 silly addNameRange     '1.8.1-1',
366 silly addNameRange     '1.8.1-2',
366 silly addNameRange     '1.8.1-3',
366 silly addNameRange     '1.8.2-0',
366 silly addNameRange     '1.8.2-1',
366 silly addNameRange     '1.8.2-2',
366 silly addNameRange     '1.9.0-0',
366 silly addNameRange     '1.9.0-1',
366 silly addNameRange     '1.9.0-2',
366 silly addNameRange     '1.9.0-3',
366 silly addNameRange     '1.9.0-4',
366 silly addNameRange     '1.9.0-5',
366 silly addNameRange     '1.9.0-6',
366 silly addNameRange     '1.9.1-0',
366 silly addNameRange     '1.9.1-2',
366 silly addNameRange     '1.9.1-3',
366 silly addNameRange     '1.9.1-4',
366 silly addNameRange     '1.9.1-5',
366 silly addNameRange     '1.9.1-6',
366 silly addNameRange     '1.9.1-7',
366 silly addNameRange     '1.9.1-8',
366 silly addNameRange     '1.9.1-9',
366 silly addNameRange     '1.9.2-0',
366 silly addNameRange     '1.9.2-1',
366 silly addNameRange     '1.9.2-2',
366 silly addNameRange     '1.9.2-3',
366 silly addNameRange     '1.9.2-4',
366 silly addNameRange     '1.9.2-5',
366 silly addNameRange     '1.9.2-6',
366 silly addNameRange     '1.9.6-0',
366 silly addNameRange     '1.9.7-1',
366 silly addNameRange     '1.9.7-3',
366 silly addNameRange     '1.9.7-4',
366 silly addNameRange     '1.9.7-5',
366 silly addNameRange     '1.9.7-6',
366 silly addNameRange     '1.9.7-7',
366 silly addNameRange     '1.9.7-8',
366 silly addNameRange     '1.9.7-9',
366 silly addNameRange     '1.9.7-10',
366 silly addNameRange     '1.9.7-11',
366 silly addNameRange     '1.9.7-12',
366 silly addNameRange     '1.9.7-13',
366 silly addNameRange     '1.9.7-14',
366 silly addNameRange     '1.9.7-15' ] ]
367 verbose addNamed [ 'phantomjs', '1.9.7-15' ]
368 verbose addNamed [ '1.9.7-15', '1.9.7-15' ]
369 silly lockFile da9b7bdb-phantomjs-1-9-7-15 phantomjs@1.9.7-15
370 verbose lock phantomjs@1.9.7-15 /Users/alejandro/.npm/da9b7bdb-phantomjs-1-9-7-15.lock
371 silly lockFile d59245da-phantomjs-phantomjs-1-9-7-15-tgz https://registry.npmjs.org/phantomjs/-/phantomjs-1.9.7-15.tgz
372 verbose lock https://registry.npmjs.org/phantomjs/-/phantomjs-1.9.7-15.tgz /Users/alejandro/.npm/d59245da-phantomjs-phantomjs-1-9-7-15-tgz.lock
373 verbose addRemoteTarball [ 'https://registry.npmjs.org/phantomjs/-/phantomjs-1.9.7-15.tgz',
373 verbose addRemoteTarball   '0b3a7ce630486a83be91ff4e832eee20e971115b' ]
374 info retry fetch attempt 1 at 20:51:10
375 verbose fetch to= /var/folders/kc/xdyh788n1hg36z9kl5tn65jr0000gn/T/npm-7610-MVsfe0RN/registry.npmjs.org/phantomjs/-/phantomjs-1.9.7-15.tgz
376 http GET https://registry.npmjs.org/phantomjs/-/phantomjs-1.9.7-15.tgz
377 silly lockFile ea6cf2d1--npmjs-org-grunt-grunt-0-4-5-tgz https://registry.npmjs.org/grunt/-/grunt-0.4.5.tgz
378 verbose lock https://registry.npmjs.org/grunt/-/grunt-0.4.5.tgz /Users/alejandro/.npm/ea6cf2d1--npmjs-org-grunt-grunt-0-4-5-tgz.lock
379 verbose addRemoteTarball [ 'https://registry.npmjs.org/grunt/-/grunt-0.4.5.tgz',
379 verbose addRemoteTarball   '56937cd5194324adff6d207631832a9d6ba4e7f0' ]
380 info retry fetch attempt 1 at 20:51:11
381 verbose fetch to= /var/folders/kc/xdyh788n1hg36z9kl5tn65jr0000gn/T/npm-7610-MVsfe0RN/registry.npmjs.org/grunt/-/grunt-0.4.5.tgz
382 http GET https://registry.npmjs.org/grunt/-/grunt-0.4.5.tgz
383 http 200 https://registry.npmjs.org/phantomjs/-/phantomjs-1.9.7-15.tgz
384 silly lockFile d59245da-phantomjs-phantomjs-1-9-7-15-tgz https://registry.npmjs.org/phantomjs/-/phantomjs-1.9.7-15.tgz
385 silly lockFile d59245da-phantomjs-phantomjs-1-9-7-15-tgz https://registry.npmjs.org/phantomjs/-/phantomjs-1.9.7-15.tgz
386 silly lockFile da9b7bdb-phantomjs-1-9-7-15 phantomjs@1.9.7-15
387 silly lockFile da9b7bdb-phantomjs-1-9-7-15 phantomjs@1.9.7-15
388 silly lockFile 472de541-phantomjs-1-9 phantomjs@~1.9
389 silly lockFile 472de541-phantomjs-1-9 phantomjs@~1.9
390 silly resolved [ { name: 'phantomjs',
390 silly resolved     version: '1.9.7-15',
390 silly resolved     keywords: [ 'phantomjs', 'headless', 'webkit' ],
390 silly resolved     description: 'Headless WebKit with JS API',
390 silly resolved     homepage: 'https://github.com/Obvious/phantomjs',
390 silly resolved     repository: { type: 'git', url: 'git://github.com/Obvious/phantomjs.git' },
390 silly resolved     licenses: [ [Object] ],
390 silly resolved     author:
390 silly resolved      { name: 'Dan Pupius',
390 silly resolved        email: 'dan@obvious.com',
390 silly resolved        url: 'http://pupius.co.uk' },
390 silly resolved     maintainers: [ [Object], [Object], [Object] ],
390 silly resolved     main: 'lib/phantomjs',
390 silly resolved     bin: { phantomjs: './bin/phantomjs' },
390 silly resolved     scripts:
390 silly resolved      { install: 'node install.js',
390 silly resolved        test: 'nodeunit --reporter=minimal test/tests.js' },
390 silly resolved     dependencies:
390 silly resolved      { 'adm-zip': '0.2.1',
390 silly resolved        kew: '~0.1.7',
390 silly resolved        ncp: '0.4.2',
390 silly resolved        npmconf: '0.0.24',
390 silly resolved        mkdirp: '0.3.5',
390 silly resolved        progress: '^1.1.5',
390 silly resolved        request: '2.36.0',
390 silly resolved        'request-progress': '^0.3.1',
390 silly resolved        rimraf: '~2.2.2',
390 silly resolved        which: '~1.0.5' },
390 silly resolved     devDependencies: { nodeunit: '~0.7.4' },
390 silly resolved     gitHead: '0f21f4f0d2a24bc6f40ec557bb2038ba4e5919ef',
390 silly resolved     bugs: { url: 'https://github.com/Obvious/phantomjs/issues' },
390 silly resolved     _id: 'phantomjs@1.9.7-15',
390 silly resolved     _shasum: '0b3a7ce630486a83be91ff4e832eee20e971115b',
390 silly resolved     _from: 'phantomjs@~1.9',
390 silly resolved     _npmVersion: '1.4.14',
390 silly resolved     _npmUser: { name: 'nicks', email: 'nicholas.j.santos@gmail.com' },
390 silly resolved     dist:
390 silly resolved      { shasum: '0b3a7ce630486a83be91ff4e832eee20e971115b',
390 silly resolved        tarball: 'http://registry.npmjs.org/phantomjs/-/phantomjs-1.9.7-15.tgz' },
390 silly resolved     directories: {},
390 silly resolved     _resolved: 'https://registry.npmjs.org/phantomjs/-/phantomjs-1.9.7-15.tgz' } ]
391 info install phantomjs@1.9.7-15 into /Users/alejandro/Code/gap-store/node_modules/karma-phantomjs-launcher
392 info installOne phantomjs@1.9.7-15
393 verbose node_modules/karma-phantomjs-launcher/node_modules/phantomjs unbuild
394 verbose tar unpack /Users/alejandro/.npm/phantomjs/1.9.7-15/package.tgz
395 silly lockFile d5879051--launcher-node-modules-phantomjs tar:///Users/alejandro/Code/gap-store/node_modules/karma-phantomjs-launcher/node_modules/phantomjs
396 verbose lock tar:///Users/alejandro/Code/gap-store/node_modules/karma-phantomjs-launcher/node_modules/phantomjs /Users/alejandro/.npm/d5879051--launcher-node-modules-phantomjs.lock
397 silly lockFile 98a10608-m-phantomjs-1-9-7-15-package-tgz tar:///Users/alejandro/.npm/phantomjs/1.9.7-15/package.tgz
398 verbose lock tar:///Users/alejandro/.npm/phantomjs/1.9.7-15/package.tgz /Users/alejandro/.npm/98a10608-m-phantomjs-1-9-7-15-package-tgz.lock
399 silly gunzTarPerm modes [ '755', '644' ]
400 silly gunzTarPerm extractEntry package.json
401 silly gunzTarPerm extractEntry .npmignore
402 silly gunzTarPerm extractEntry README.md
403 silly gunzTarPerm extractEntry install.js
404 silly gunzTarPerm extractEntry test/exit.js
405 silly gunzTarPerm extractEntry test/loadspeed.js
406 silly gunzTarPerm extractEntry test/tests.js
407 silly gunzTarPerm extractEntry .jshintrc
408 silly gunzTarPerm extractEntry .travis.yml
409 silly gunzTarPerm extractEntry lib/phantomjs.js
410 silly gunzTarPerm extractEntry LICENSE.txt
411 silly gunzTarPerm extractEntry bin/phantomjs
412 silly lockFile d5879051--launcher-node-modules-phantomjs tar:///Users/alejandro/Code/gap-store/node_modules/karma-phantomjs-launcher/node_modules/phantomjs
413 silly lockFile d5879051--launcher-node-modules-phantomjs tar:///Users/alejandro/Code/gap-store/node_modules/karma-phantomjs-launcher/node_modules/phantomjs
414 silly lockFile 98a10608-m-phantomjs-1-9-7-15-package-tgz tar:///Users/alejandro/.npm/phantomjs/1.9.7-15/package.tgz
415 silly lockFile 98a10608-m-phantomjs-1-9-7-15-package-tgz tar:///Users/alejandro/.npm/phantomjs/1.9.7-15/package.tgz
416 info preinstall phantomjs@1.9.7-15
417 verbose readDependencies using package.json deps
418 verbose readDependencies using package.json deps
419 verbose cache add [ 'ncp@0.4.2', null ]
420 verbose cache add name=undefined spec="ncp@0.4.2" args=["ncp@0.4.2",null]
421 verbose parsed url { protocol: null,
421 verbose parsed url   slashes: null,
421 verbose parsed url   auth: null,
421 verbose parsed url   host: null,
421 verbose parsed url   port: null,
421 verbose parsed url   hostname: null,
421 verbose parsed url   hash: null,
421 verbose parsed url   search: null,
421 verbose parsed url   query: null,
421 verbose parsed url   pathname: 'ncp@0.4.2',
421 verbose parsed url   path: 'ncp@0.4.2',
421 verbose parsed url   href: 'ncp@0.4.2' }
422 verbose cache add name="ncp" spec="0.4.2" args=["ncp","0.4.2"]
423 verbose parsed url { protocol: null,
423 verbose parsed url   slashes: null,
423 verbose parsed url   auth: null,
423 verbose parsed url   host: null,
423 verbose parsed url   port: null,
423 verbose parsed url   hostname: null,
423 verbose parsed url   hash: null,
423 verbose parsed url   search: null,
423 verbose parsed url   query: null,
423 verbose parsed url   pathname: '0.4.2',
423 verbose parsed url   path: '0.4.2',
423 verbose parsed url   href: '0.4.2' }
424 verbose addNamed [ 'ncp', '0.4.2' ]
425 verbose addNamed [ '0.4.2', '0.4.2' ]
426 silly lockFile e43cb36a-ncp-0-4-2 ncp@0.4.2
427 verbose lock ncp@0.4.2 /Users/alejandro/.npm/e43cb36a-ncp-0-4-2.lock
428 verbose cache add [ 'npmconf@0.0.24', null ]
429 verbose cache add name=undefined spec="npmconf@0.0.24" args=["npmconf@0.0.24",null]
430 verbose parsed url { protocol: null,
430 verbose parsed url   slashes: null,
430 verbose parsed url   auth: null,
430 verbose parsed url   host: null,
430 verbose parsed url   port: null,
430 verbose parsed url   hostname: null,
430 verbose parsed url   hash: null,
430 verbose parsed url   search: null,
430 verbose parsed url   query: null,
430 verbose parsed url   pathname: 'npmconf@0.0.24',
430 verbose parsed url   path: 'npmconf@0.0.24',
430 verbose parsed url   href: 'npmconf@0.0.24' }
431 verbose request where is /ncp
432 verbose request registry https://registry.npmjs.org/
433 verbose url raw /ncp
434 verbose url resolving [ 'https://registry.npmjs.org/', './ncp' ]
435 verbose url resolved https://registry.npmjs.org/ncp
436 verbose request where is https://registry.npmjs.org/ncp
437 info trying registry request attempt 1 at 20:51:12
438 verbose etag "6J3SMOC5VOXV4MAXZZ9H7ZR1T"
439 http GET https://registry.npmjs.org/ncp
440 verbose cache add [ 'mkdirp@0.3.5', null ]
441 verbose cache add name=undefined spec="mkdirp@0.3.5" args=["mkdirp@0.3.5",null]
442 verbose parsed url { protocol: null,
442 verbose parsed url   slashes: null,
442 verbose parsed url   auth: null,
442 verbose parsed url   host: null,
442 verbose parsed url   port: null,
442 verbose parsed url   hostname: null,
442 verbose parsed url   hash: null,
442 verbose parsed url   search: null,
442 verbose parsed url   query: null,
442 verbose parsed url   pathname: 'mkdirp@0.3.5',
442 verbose parsed url   path: 'mkdirp@0.3.5',
442 verbose parsed url   href: 'mkdirp@0.3.5' }
443 verbose cache add [ 'progress@^1.1.5', null ]
444 verbose cache add name=undefined spec="progress@^1.1.5" args=["progress@^1.1.5",null]
445 verbose parsed url { protocol: null,
445 verbose parsed url   slashes: null,
445 verbose parsed url   auth: null,
445 verbose parsed url   host: null,
445 verbose parsed url   port: null,
445 verbose parsed url   hostname: null,
445 verbose parsed url   hash: null,
445 verbose parsed url   search: null,
445 verbose parsed url   query: null,
445 verbose parsed url   pathname: 'progress@^1.1.5',
445 verbose parsed url   path: 'progress@^1.1.5',
445 verbose parsed url   href: 'progress@^1.1.5' }
446 verbose cache add [ 'request@2.36.0', null ]
447 verbose cache add name=undefined spec="request@2.36.0" args=["request@2.36.0",null]
448 verbose parsed url { protocol: null,
448 verbose parsed url   slashes: null,
448 verbose parsed url   auth: null,
448 verbose parsed url   host: null,
448 verbose parsed url   port: null,
448 verbose parsed url   hostname: null,
448 verbose parsed url   hash: null,
448 verbose parsed url   search: null,
448 verbose parsed url   query: null,
448 verbose parsed url   pathname: 'request@2.36.0',
448 verbose parsed url   path: 'request@2.36.0',
448 verbose parsed url   href: 'request@2.36.0' }
449 verbose cache add name="npmconf" spec="0.0.24" args=["npmconf","0.0.24"]
450 verbose parsed url { protocol: null,
450 verbose parsed url   slashes: null,
450 verbose parsed url   auth: null,
450 verbose parsed url   host: null,
450 verbose parsed url   port: null,
450 verbose parsed url   hostname: null,
450 verbose parsed url   hash: null,
450 verbose parsed url   search: null,
450 verbose parsed url   query: null,
450 verbose parsed url   pathname: '0.0.24',
450 verbose parsed url   path: '0.0.24',
450 verbose parsed url   href: '0.0.24' }
451 verbose addNamed [ 'npmconf', '0.0.24' ]
452 verbose addNamed [ '0.0.24', '0.0.24' ]
453 silly lockFile af02651e-npmconf-0-0-24 npmconf@0.0.24
454 verbose lock npmconf@0.0.24 /Users/alejandro/.npm/af02651e-npmconf-0-0-24.lock
455 verbose cache add name="mkdirp" spec="0.3.5" args=["mkdirp","0.3.5"]
456 verbose parsed url { protocol: null,
456 verbose parsed url   slashes: null,
456 verbose parsed url   auth: null,
456 verbose parsed url   host: null,
456 verbose parsed url   port: null,
456 verbose parsed url   hostname: null,
456 verbose parsed url   hash: null,
456 verbose parsed url   search: null,
456 verbose parsed url   query: null,
456 verbose parsed url   pathname: '0.3.5',
456 verbose parsed url   path: '0.3.5',
456 verbose parsed url   href: '0.3.5' }
457 verbose addNamed [ 'mkdirp', '0.3.5' ]
458 verbose addNamed [ '0.3.5', '0.3.5' ]
459 silly lockFile 67d2df2a-mkdirp-0-3-5 mkdirp@0.3.5
460 verbose lock mkdirp@0.3.5 /Users/alejandro/.npm/67d2df2a-mkdirp-0-3-5.lock
461 verbose cache add name="progress" spec="^1.1.5" args=["progress","^1.1.5"]
462 verbose parsed url { protocol: null,
462 verbose parsed url   slashes: null,
462 verbose parsed url   auth: null,
462 verbose parsed url   host: null,
462 verbose parsed url   port: null,
462 verbose parsed url   hostname: null,
462 verbose parsed url   hash: null,
462 verbose parsed url   search: null,
462 verbose parsed url   query: null,
462 verbose parsed url   pathname: '^1.1.5',
462 verbose parsed url   path: '^1.1.5',
462 verbose parsed url   href: '^1.1.5' }
463 verbose addNamed [ 'progress', '^1.1.5' ]
464 verbose addNamed [ null, '>=1.1.5-0 <2.0.0-0' ]
465 silly lockFile 1621e448-progress-1-1-5 progress@^1.1.5
466 verbose lock progress@^1.1.5 /Users/alejandro/.npm/1621e448-progress-1-1-5.lock
467 verbose cache add name="request" spec="2.36.0" args=["request","2.36.0"]
468 verbose parsed url { protocol: null,
468 verbose parsed url   slashes: null,
468 verbose parsed url   auth: null,
468 verbose parsed url   host: null,
468 verbose parsed url   port: null,
468 verbose parsed url   hostname: null,
468 verbose parsed url   hash: null,
468 verbose parsed url   search: null,
468 verbose parsed url   query: null,
468 verbose parsed url   pathname: '2.36.0',
468 verbose parsed url   path: '2.36.0',
468 verbose parsed url   href: '2.36.0' }
469 verbose addNamed [ 'request', '2.36.0' ]
470 verbose addNamed [ '2.36.0', '2.36.0' ]
471 silly lockFile 56e6d156-request-2-36-0 request@2.36.0
472 verbose lock request@2.36.0 /Users/alejandro/.npm/56e6d156-request-2-36-0.lock
473 verbose cache add [ 'request-progress@^0.3.1', null ]
474 verbose cache add name=undefined spec="request-progress@^0.3.1" args=["request-progress@^0.3.1",null]
475 verbose parsed url { protocol: null,
475 verbose parsed url   slashes: null,
475 verbose parsed url   auth: null,
475 verbose parsed url   host: null,
475 verbose parsed url   port: null,
475 verbose parsed url   hostname: null,
475 verbose parsed url   hash: null,
475 verbose parsed url   search: null,
475 verbose parsed url   query: null,
475 verbose parsed url   pathname: 'request-progress@^0.3.1',
475 verbose parsed url   path: 'request-progress@^0.3.1',
475 verbose parsed url   href: 'request-progress@^0.3.1' }
476 verbose cache add name="request-progress" spec="^0.3.1" args=["request-progress","^0.3.1"]
477 verbose parsed url { protocol: null,
477 verbose parsed url   slashes: null,
477 verbose parsed url   auth: null,
477 verbose parsed url   host: null,
477 verbose parsed url   port: null,
477 verbose parsed url   hostname: null,
477 verbose parsed url   hash: null,
477 verbose parsed url   search: null,
477 verbose parsed url   query: null,
477 verbose parsed url   pathname: '^0.3.1',
477 verbose parsed url   path: '^0.3.1',
477 verbose parsed url   href: '^0.3.1' }
478 verbose addNamed [ 'request-progress', '^0.3.1' ]
479 verbose addNamed [ null, '>=0.3.1-0 <0.4.0-0' ]
480 silly lockFile f4030858-request-progress-0-3-1 request-progress@^0.3.1
481 verbose lock request-progress@^0.3.1 /Users/alejandro/.npm/f4030858-request-progress-0-3-1.lock
482 silly addNameRange { name: 'progress', range: '>=1.1.5-0 <2.0.0-0', hasData: false }
483 verbose cache add [ 'rimraf@~2.2.2', null ]
484 verbose cache add name=undefined spec="rimraf@~2.2.2" args=["rimraf@~2.2.2",null]
485 verbose parsed url { protocol: null,
485 verbose parsed url   slashes: null,
485 verbose parsed url   auth: null,
485 verbose parsed url   host: null,
485 verbose parsed url   port: null,
485 verbose parsed url   hostname: null,
485 verbose parsed url   hash: null,
485 verbose parsed url   search: null,
485 verbose parsed url   query: null,
485 verbose parsed url   pathname: 'rimraf@~2.2.2',
485 verbose parsed url   path: 'rimraf@~2.2.2',
485 verbose parsed url   href: 'rimraf@~2.2.2' }
486 verbose request where is /progress
487 verbose request registry https://registry.npmjs.org/
488 verbose url raw /progress
489 verbose url resolving [ 'https://registry.npmjs.org/', './progress' ]
490 verbose url resolved https://registry.npmjs.org/progress
491 verbose request where is https://registry.npmjs.org/progress
492 info trying registry request attempt 1 at 20:51:12
493 http GET https://registry.npmjs.org/progress
494 silly addNameRange { name: 'request-progress',
494 silly addNameRange   range: '>=0.3.1-0 <0.4.0-0',
494 silly addNameRange   hasData: false }
495 verbose cache add [ 'which@~1.0.5', null ]
496 verbose cache add name=undefined spec="which@~1.0.5" args=["which@~1.0.5",null]
497 verbose parsed url { protocol: null,
497 verbose parsed url   slashes: null,
497 verbose parsed url   auth: null,
497 verbose parsed url   host: null,
497 verbose parsed url   port: null,
497 verbose parsed url   hostname: null,
497 verbose parsed url   hash: null,
497 verbose parsed url   search: null,
497 verbose parsed url   query: null,
497 verbose parsed url   pathname: 'which@~1.0.5',
497 verbose parsed url   path: 'which@~1.0.5',
497 verbose parsed url   href: 'which@~1.0.5' }
498 verbose cache add name="rimraf" spec="~2.2.2" args=["rimraf","~2.2.2"]
499 verbose parsed url { protocol: null,
499 verbose parsed url   slashes: null,
499 verbose parsed url   auth: null,
499 verbose parsed url   host: null,
499 verbose parsed url   port: null,
499 verbose parsed url   hostname: null,
499 verbose parsed url   hash: null,
499 verbose parsed url   search: null,
499 verbose parsed url   query: null,
499 verbose parsed url   pathname: '~2.2.2',
499 verbose parsed url   path: '~2.2.2',
499 verbose parsed url   href: '~2.2.2' }
500 verbose addNamed [ 'rimraf', '~2.2.2' ]
501 verbose addNamed [ null, '>=2.2.2-0 <2.3.0-0' ]
502 silly lockFile 6c46433c-rimraf-2-2-2 rimraf@~2.2.2
503 verbose lock rimraf@~2.2.2 /Users/alejandro/.npm/6c46433c-rimraf-2-2-2.lock
504 verbose cache add name="which" spec="~1.0.5" args=["which","~1.0.5"]
505 verbose parsed url { protocol: null,
505 verbose parsed url   slashes: null,
505 verbose parsed url   auth: null,
505 verbose parsed url   host: null,
505 verbose parsed url   port: null,
505 verbose parsed url   hostname: null,
505 verbose parsed url   hash: null,
505 verbose parsed url   search: null,
505 verbose parsed url   query: null,
505 verbose parsed url   pathname: '~1.0.5',
505 verbose parsed url   path: '~1.0.5',
505 verbose parsed url   href: '~1.0.5' }
506 verbose addNamed [ 'which', '~1.0.5' ]
507 verbose addNamed [ null, '>=1.0.5-0 <1.1.0-0' ]
508 silly lockFile d158d65e-which-1-0-5 which@~1.0.5
509 verbose lock which@~1.0.5 /Users/alejandro/.npm/d158d65e-which-1-0-5.lock
510 silly addNameRange { name: 'rimraf', range: '>=2.2.2-0 <2.3.0-0', hasData: false }
511 silly addNameRange { name: 'which', range: '>=1.0.5-0 <1.1.0-0', hasData: false }
512 verbose request where is /mkdirp
513 verbose request registry https://registry.npmjs.org/
514 verbose url raw /mkdirp
515 verbose url resolving [ 'https://registry.npmjs.org/', './mkdirp' ]
516 verbose url resolved https://registry.npmjs.org/mkdirp
517 verbose request where is https://registry.npmjs.org/mkdirp
518 info trying registry request attempt 1 at 20:51:12
519 verbose etag "6Q047JT57GUS3BZG6QDXLY71K"
520 http GET https://registry.npmjs.org/mkdirp
521 verbose request where is /npmconf
522 verbose request registry https://registry.npmjs.org/
523 verbose url raw /npmconf
524 verbose url resolving [ 'https://registry.npmjs.org/', './npmconf' ]
525 verbose url resolved https://registry.npmjs.org/npmconf
526 verbose request where is https://registry.npmjs.org/npmconf
527 info trying registry request attempt 1 at 20:51:12
528 verbose etag "7LDFGNLK3VZKBEEBLL7DDR7WC"
529 http GET https://registry.npmjs.org/npmconf
530 verbose cache add [ 'adm-zip@0.2.1', null ]
531 verbose cache add name=undefined spec="adm-zip@0.2.1" args=["adm-zip@0.2.1",null]
532 verbose parsed url { protocol: null,
532 verbose parsed url   slashes: null,
532 verbose parsed url   auth: null,
532 verbose parsed url   host: null,
532 verbose parsed url   port: null,
532 verbose parsed url   hostname: null,
532 verbose parsed url   hash: null,
532 verbose parsed url   search: null,
532 verbose parsed url   query: null,
532 verbose parsed url   pathname: 'adm-zip@0.2.1',
532 verbose parsed url   path: 'adm-zip@0.2.1',
532 verbose parsed url   href: 'adm-zip@0.2.1' }
533 verbose cache add [ 'kew@~0.1.7', null ]
534 verbose cache add name=undefined spec="kew@~0.1.7" args=["kew@~0.1.7",null]
535 verbose parsed url { protocol: null,
535 verbose parsed url   slashes: null,
535 verbose parsed url   auth: null,
535 verbose parsed url   host: null,
535 verbose parsed url   port: null,
535 verbose parsed url   hostname: null,
535 verbose parsed url   hash: null,
535 verbose parsed url   search: null,
535 verbose parsed url   query: null,
535 verbose parsed url   pathname: 'kew@~0.1.7',
535 verbose parsed url   path: 'kew@~0.1.7',
535 verbose parsed url   href: 'kew@~0.1.7' }
536 verbose request where is /request
537 verbose request registry https://registry.npmjs.org/
538 verbose url raw /request
539 verbose url resolving [ 'https://registry.npmjs.org/', './request' ]
540 verbose url resolved https://registry.npmjs.org/request
541 verbose request where is https://registry.npmjs.org/request
542 info trying registry request attempt 1 at 20:51:12
543 verbose etag "6CWP5S5RUVXE36N6LHWTDA7BQ"
544 http GET https://registry.npmjs.org/request
545 verbose cache add name="adm-zip" spec="0.2.1" args=["adm-zip","0.2.1"]
546 verbose parsed url { protocol: null,
546 verbose parsed url   slashes: null,
546 verbose parsed url   auth: null,
546 verbose parsed url   host: null,
546 verbose parsed url   port: null,
546 verbose parsed url   hostname: null,
546 verbose parsed url   hash: null,
546 verbose parsed url   search: null,
546 verbose parsed url   query: null,
546 verbose parsed url   pathname: '0.2.1',
546 verbose parsed url   path: '0.2.1',
546 verbose parsed url   href: '0.2.1' }
547 verbose addNamed [ 'adm-zip', '0.2.1' ]
548 verbose addNamed [ '0.2.1', '0.2.1' ]
549 silly lockFile 56d2b9bc-adm-zip-0-2-1 adm-zip@0.2.1
550 verbose lock adm-zip@0.2.1 /Users/alejandro/.npm/56d2b9bc-adm-zip-0-2-1.lock
551 verbose cache add name="kew" spec="~0.1.7" args=["kew","~0.1.7"]
552 verbose parsed url { protocol: null,
552 verbose parsed url   slashes: null,
552 verbose parsed url   auth: null,
552 verbose parsed url   host: null,
552 verbose parsed url   port: null,
552 verbose parsed url   hostname: null,
552 verbose parsed url   hash: null,
552 verbose parsed url   search: null,
552 verbose parsed url   query: null,
552 verbose parsed url   pathname: '~0.1.7',
552 verbose parsed url   path: '~0.1.7',
552 verbose parsed url   href: '~0.1.7' }
553 verbose addNamed [ 'kew', '~0.1.7' ]
554 verbose addNamed [ null, '>=0.1.7-0 <0.2.0-0' ]
555 silly lockFile fbc33e87-kew-0-1-7 kew@~0.1.7
556 verbose lock kew@~0.1.7 /Users/alejandro/.npm/fbc33e87-kew-0-1-7.lock
557 verbose request where is /request-progress
558 verbose request registry https://registry.npmjs.org/
559 verbose url raw /request-progress
560 verbose url resolving [ 'https://registry.npmjs.org/', './request-progress' ]
561 verbose url resolved https://registry.npmjs.org/request-progress
562 verbose request where is https://registry.npmjs.org/request-progress
563 info trying registry request attempt 1 at 20:51:12
564 verbose etag "B88PH1RS5POG6U7T8DJ4EQGHH"
565 http GET https://registry.npmjs.org/request-progress
566 silly addNameRange { name: 'kew', range: '>=0.1.7-0 <0.2.0-0', hasData: false }
567 verbose request where is /rimraf
568 verbose request registry https://registry.npmjs.org/
569 verbose url raw /rimraf
570 verbose url resolving [ 'https://registry.npmjs.org/', './rimraf' ]
571 verbose url resolved https://registry.npmjs.org/rimraf
572 verbose request where is https://registry.npmjs.org/rimraf
573 info trying registry request attempt 1 at 20:51:12
574 verbose etag "2BYIEW0O2R5E3JBVHDI3XHDIS"
575 http GET https://registry.npmjs.org/rimraf
576 verbose request where is /kew
577 verbose request registry https://registry.npmjs.org/
578 verbose url raw /kew
579 verbose url resolving [ 'https://registry.npmjs.org/', './kew' ]
580 verbose url resolved https://registry.npmjs.org/kew
581 verbose request where is https://registry.npmjs.org/kew
582 info trying registry request attempt 1 at 20:51:12
583 http GET https://registry.npmjs.org/kew
584 verbose request where is /which
585 verbose request registry https://registry.npmjs.org/
586 verbose url raw /which
587 verbose url resolving [ 'https://registry.npmjs.org/', './which' ]
588 verbose url resolved https://registry.npmjs.org/which
589 verbose request where is https://registry.npmjs.org/which
590 info trying registry request attempt 1 at 20:51:12
591 verbose etag "C5OZGLPWJXOUCFFVEHEOJPH1W"
592 http GET https://registry.npmjs.org/which
593 verbose request where is /adm-zip
594 verbose request registry https://registry.npmjs.org/
595 verbose url raw /adm-zip
596 verbose url resolving [ 'https://registry.npmjs.org/', './adm-zip' ]
597 verbose url resolved https://registry.npmjs.org/adm-zip
598 verbose request where is https://registry.npmjs.org/adm-zip
599 info trying registry request attempt 1 at 20:51:12
600 verbose etag "36ZO026U4EA5G7257IEK1IQVH"
601 http GET https://registry.npmjs.org/adm-zip
602 http 200 https://registry.npmjs.org/grunt/-/grunt-0.4.5.tgz
603 silly lockFile ea6cf2d1--npmjs-org-grunt-grunt-0-4-5-tgz https://registry.npmjs.org/grunt/-/grunt-0.4.5.tgz
604 silly lockFile ea6cf2d1--npmjs-org-grunt-grunt-0-4-5-tgz https://registry.npmjs.org/grunt/-/grunt-0.4.5.tgz
605 silly lockFile 81abf7ad-grunt-0-4-5 grunt@0.4.5
606 silly lockFile 81abf7ad-grunt-0-4-5 grunt@0.4.5
607 silly lockFile 6aebe2f8-grunt-0-4-x grunt@0.4.x
608 silly lockFile 6aebe2f8-grunt-0-4-x grunt@0.4.x
609 verbose node_modules/grunt-karma unbuild
610 info preuninstall grunt-karma@0.8.3
611 info uninstall grunt-karma@0.8.3
612 verbose true,/Users/alejandro/Code/gap-store/node_modules,/Users/alejandro/Code/gap-store/node_modules unbuild grunt-karma@0.8.3
613 info postuninstall grunt-karma@0.8.3
614 error Error: EACCES, mkdir '/Users/alejandro/.npm/grunt/0.4.5'
614 error  { [Error: EACCES, mkdir '/Users/alejandro/.npm/grunt/0.4.5']
614 error   errno: 3,
614 error   code: 'EACCES',
614 error   path: '/Users/alejandro/.npm/grunt/0.4.5',
614 error   parent: 'gapstore' }
615 error Please try running this command again as root/Administrator.
616 error System Darwin 13.3.0
617 error command "node" "/usr/local/bin/npm" "install" "karma-phantomjs-launcher" "karma-jasmine" "grunt-karma" "--save-dev"
618 error cwd /Users/alejandro/Code/gap-store
619 error node -v v0.10.30
620 error npm -v 1.4.21
621 error path /Users/alejandro/.npm/grunt/0.4.5
622 error code EACCES
623 error errno 3
624 error stack Error: EACCES, mkdir '/Users/alejandro/.npm/grunt/0.4.5'
625 verbose exit [ 3, true ]
